[vuongtran.co/index.html]
[backblue.gif]
[fade.gif]
[index.html]
[vuongtran.co/images/icon.png]
[maxcdn.bootstrapcdn.com/font-awesome/4.5.0/css/font-awesome.min.css]
[vuongtran.co/css/reset.css]
[vuongtran.co/css/style.css]
[vuongtran.co/index-2.html]
[vuongtran.co/about.html]
[vuongtran.co/images/img_project_talentmind.jpg]
[vuongtran.co/images/img_project_akr.jpg]
[vuongtran.co/images/img_project_eca.jpg]
[vuongtran.co/images/img_project_hn.jpg]
[ajax.googleapis.com/ajax/libs/jquery/1.11.1/jquery.min.js]
[vuongtran.co/js/main.js]
[vuongtran.co/index.html]
[maxcdn.bootstrapcdn.com/font-awesome/4.5.0/css/font-awesome.min.css]
[vuongtran.co/css/reset.css]
[vuongtran.co/css/style.css]
[vuongtran.co/index-2.html]
[vuongtran.co/Resume_2018.pdf]
[vuongtran.co/images/view_icon.png]
[vuongtran.co/about.html]
